<?xml version="1.0" encoding="UTF-8"?>
<!DOCTYPE article PUBLIC "-//OASIS//DTD DocBook XML V4.5//EN" "http://www.oasis-open.org/docbook/xml/4.5/docbookx.dtd">
<?asciidoc-toc?>
<?asciidoc-numbered?>

<article lang="en">
<articleinfo>
    <title>Test</title>
</articleinfo>
<section id="_first_paragraph">
<title>First Paragraph</title>
<simpara>Here comes something, nobody cares about this stuff. And now <emphasis role="strong">bold</emphasis>, and this is <emphasis>italic</emphasis>, and the last <literal>monospaced</literal>. After this (hidden +)<?asciidoc-br?>
begins a new line.
The german umlauts and two other non-ascii glyphs / letters: äöüÄÖÜß € (euro) ¢ (cent).</simpara>
</section>
<section id="_second_paragraph">
<title>Second Paragraph</title>
<simpara>This sample comes with an image. The file name paths are relative to the location of the referring document:
<inlinemediaobject>
  <imageobject>
  <imagedata fileref="images/redsquare.jpg"/>
  </imageobject>
  <textobject><phrase>caption</phrase></textobject>
</inlinemediaobject>
The "caption" in brackets corresponds to HTML alt="caption" and is not seen in the browser. The image is rendered inline; this is perhaps not preferred <footnote><simpara>or is it?</simpara></footnote>, we have a footnote here.</simpara>
<simpara>Another snippet:</simpara>
<simpara><inlinemediaobject>
  <imageobject>
  <imagedata fileref="images/redsquare.jpg"/>
  </imageobject>
  <textobject><phrase>caption</phrase></textobject>
</inlinemediaobject></simpara>
<simpara>and the image at the center of the line.</simpara>
<simpara>New line and the image at the beginning<footnote><simpara>footnote without space</simpara></footnote> of the line.</simpara>
<simpara>New line:</simpara>
<informalfigure>
<mediaobject>
  <imageobject>
  <imagedata fileref="images/redsquare.jpg" align="center"/>
  </imageobject>
  <textobject><phrase>caption</phrase></textobject>
</mediaobject>
</informalfigure>
<simpara>We see the image at the center of the line. At the end a link: Visit the <ulink url="https://www.asciidoc3.org">home of asciidoc3</ulink>!<?asciidoc-br?>
<emphasis>END</emphasis></simpara>
</section>
</article>
